<?xml version="1.0" encoding="UTF-8"?>
<coverage generated="1670206904363" clover="3.2.0">
  <project timestamp="1670206904363" name="All files">
    <metrics statements="22" coveredstatements="22" conditionals="6" coveredconditionals="6" methods="3" coveredmethods="3" elements="31" coveredelements="31" complexity="0" loc="22" ncloc="22" packages="1" files="2" classes="2"/>
    <file name="createRandom.js" path="D:\jestTest\assets\createRandom.js">
      <metrics statements="12" coveredstatements="12" conditionals="2" coveredconditionals="2" methods="2" coveredmethods="2"/>
      <line num="2" count="13" type="stmt"/>
      <line num="3" count="13" type="stmt"/>
      <line num="4" count="13" type="stmt"/>
      <line num="5" count="13" type="stmt"/>
      <line num="6" count="13" type="stmt"/>
      <line num="7" count="13" type="stmt"/>
      <line num="8" count="49" type="stmt"/>
      <line num="9" count="49" type="cond" truecount="2" falsecount="0"/>
      <line num="10" count="10" type="stmt"/>
      <line num="12" count="39" type="stmt"/>
      <line num="13" count="39" type="stmt"/>
      <line num="16" count="52" type="stmt"/>
    </file>
    <file name="judgeNumberSimilarity.js" path="D:\jestTest\assets\judgeNumberSimilarity.js">
      <metrics statements="10" coveredstatements="10" conditionals="4" coveredconditionals="4" methods="1" coveredmethods="1"/>
      <line num="4" count="15" type="stmt"/>
      <line num="5" count="15" type="stmt"/>
      <line num="6" count="15" type="stmt"/>
      <line num="7" count="15" type="stmt"/>
      <line num="8" count="60" type="stmt"/>
      <line num="9" count="240" type="cond" truecount="2" falsecount="0"/>
      <line num="10" count="40" type="cond" truecount="2" falsecount="0"/>
      <line num="11" count="20" type="stmt"/>
      <line num="13" count="20" type="stmt"/>
      <line num="18" count="15" type="stmt"/>
    </file>
  </project>
</coverage>
