{"D:\\jestTest\\jestTest.js": {"path":"D:\\jestTest\\jestTest.js","statementMap":{"0":{"start":{"line":4,"column":14},"end":{"line":4,"column":23}},"1":{"start":{"line":5,"column":16},"end":{"line":5,"column":17}},"2":{"start":{"line":6,"column":17},"end":{"line":6,"column":48}},"3":{"start":{"line":7,"column":4},"end":{"line":7,"column":19}},"4":{"start":{"line":8,"column":4},"end":{"line":16,"column":5}},"5":{"start":{"line":8,"column":17},"end":{"line":8,"column":18}},"6":{"start":{"line":9,"column":21},"end":{"line":9,"column":49}},"7":{"start":{"line":10,"column":8},"end":{"line":15,"column":9}},"8":{"start":{"line":11,"column":12},"end":{"line":11,"column":20}},"9":{"start":{"line":13,"column":12},"end":{"line":13,"column":27}},"10":{"start":{"line":14,"column":12},"end":{"line":14,"column":15}},"11":{"start":{"line":17,"column":17},"end":{"line":17,"column":19}},"12":{"start":{"line":18,"column":4},"end":{"line":20,"column":6}},"13":{"start":{"line":19,"column":8},"end":{"line":19,"column":22}},"14":{"start":{"line":21,"column":4},"end":{"line":21,"column":27}}},"fnMap":{"0":{"name":"create4DigitRandom","decl":{"start":{"line":2,"column":16},"end":{"line":2,"column":34}},"loc":{"start":{"line":2,"column":36},"end":{"line":22,"column":1}},"line":2},"1":{"name":"(anonymous_1)","decl":{"start":{"line":18,"column":16},"end":{"line":18,"column":17}},"loc":{"start":{"line":18,"column":24},"end":{"line":20,"column":5}},"line":18}},"branchMap":{"0":{"loc":{"start":{"line":10,"column":8},"end":{"line":15,"column":9}},"type":"if","locations":[{"start":{"line":10,"column":8},"end":{"line":15,"column":9}},{"start":{"line":10,"column":8},"end":{"line":15,"column":9}}],"line":10}},"s":{"0":3,"1":3,"2":3,"3":3,"4":3,"5":3,"6":10,"7":10,"8":1,"9":9,"10":9,"11":3,"12":3,"13":12,"14":3},"f":{"0":3,"1":12},"b":{"0":[1,9]},"_coverageSchema":"43e27e138ebf9cfc5966b082cf9a028302ed4184","hash":"467fa35e2c728cea86aa3a67830756e45238ff6f"}
,"D:\\jestTest\\jestTestfn.js": {"path":"D:\\jestTest\\jestTestfn.js","statementMap":{"0":{"start":{"line":5,"column":20},"end":{"line":5,"column":61}},"1":{"start":{"line":6,"column":17},"end":{"line":6,"column":41}},"2":{"start":{"line":7,"column":17},"end":{"line":7,"column":22}},"3":{"start":{"line":8,"column":4},"end":{"line":16,"column":6}},"4":{"start":{"line":9,"column":23},"end":{"line":9,"column":43}},"5":{"start":{"line":11,"column":8},"end":{"line":15,"column":9}},"6":{"start":{"line":12,"column":12},"end":{"line":12,"column":27}},"7":{"start":{"line":13,"column":14},"end":{"line":15,"column":9}},"8":{"start":{"line":14,"column":12},"end":{"line":14,"column":27}},"9":{"start":{"line":17,"column":4},"end":{"line":17,"column":17}}},"fnMap":{"0":{"name":"judgeRandomSimilarity","decl":{"start":{"line":4,"column":16},"end":{"line":4,"column":37}},"loc":{"start":{"line":4,"column":42},"end":{"line":18,"column":1}},"line":4},"1":{"name":"(anonymous_1)","decl":{"start":{"line":8,"column":18},"end":{"line":8,"column":19}},"loc":{"start":{"line":8,"column":34},"end":{"line":16,"column":5}},"line":8}},"branchMap":{"0":{"loc":{"start":{"line":11,"column":8},"end":{"line":15,"column":9}},"type":"if","locations":[{"start":{"line":11,"column":8},"end":{"line":15,"column":9}},{"start":{"line":11,"column":8},"end":{"line":15,"column":9}}],"line":11},"1":{"loc":{"start":{"line":11,"column":11},"end":{"line":11,"column":43}},"type":"binary-expr","locations":[{"start":{"line":11,"column":11},"end":{"line":11,"column":24}},{"start":{"line":11,"column":28},"end":{"line":11,"column":43}}],"line":11},"2":{"loc":{"start":{"line":13,"column":14},"end":{"line":15,"column":9}},"type":"if","locations":[{"start":{"line":13,"column":14},"end":{"line":15,"column":9}},{"start":{"line":13,"column":14},"end":{"line":15,"column":9}}],"line":13}},"s":{"0":3,"1":3,"2":3,"3":3,"4":12,"5":12,"6":2,"7":10,"8":3,"9":3},"f":{"0":3,"1":12},"b":{"0":[2,10],"1":[12,7],"2":[3,7]},"_coverageSchema":"43e27e138ebf9cfc5966b082cf9a028302ed4184","hash":"b6c9c383158ddce43ac7c17fec240a0e7f89bff9"}
}
