{"D:\\jestTest\\jestTest.js": {"path":"D:\\jestTest\\jestTest.js","statementMap":{"0":{"start":{"line":3,"column":14},"end":{"line":3,"column":23}},"1":{"start":{"line":4,"column":16},"end":{"line":4,"column":17}},"2":{"start":{"line":5,"column":17},"end":{"line":5,"column":48}},"3":{"start":{"line":6,"column":4},"end":{"line":6,"column":19}},"4":{"start":{"line":7,"column":4},"end":{"line":15,"column":5}},"5":{"start":{"line":7,"column":17},"end":{"line":7,"column":18}},"6":{"start":{"line":8,"column":21},"end":{"line":8,"column":49}},"7":{"start":{"line":9,"column":8},"end":{"line":14,"column":9}},"8":{"start":{"line":10,"column":12},"end":{"line":10,"column":20}},"9":{"start":{"line":12,"column":12},"end":{"line":12,"column":27}},"10":{"start":{"line":13,"column":12},"end":{"line":13,"column":15}},"11":{"start":{"line":16,"column":17},"end":{"line":16,"column":19}},"12":{"start":{"line":17,"column":4},"end":{"line":19,"column":6}},"13":{"start":{"line":18,"column":8},"end":{"line":18,"column":22}},"14":{"start":{"line":20,"column":4},"end":{"line":20,"column":27}}},"fnMap":{"0":{"name":"create4DigitRandom","decl":{"start":{"line":2,"column":16},"end":{"line":2,"column":34}},"loc":{"start":{"line":2,"column":36},"end":{"line":21,"column":1}},"line":2},"1":{"name":"(anonymous_1)","decl":{"start":{"line":17,"column":16},"end":{"line":17,"column":17}},"loc":{"start":{"line":17,"column":24},"end":{"line":19,"column":5}},"line":17}},"branchMap":{"0":{"loc":{"start":{"line":9,"column":8},"end":{"line":14,"column":9}},"type":"if","locations":[{"start":{"line":9,"column":8},"end":{"line":14,"column":9}},{"start":{"line":9,"column":8},"end":{"line":14,"column":9}}],"line":9}},"s":{"0":3,"1":3,"2":3,"3":3,"4":3,"5":3,"6":12,"7":12,"8":3,"9":9,"10":9,"11":3,"12":3,"13":12,"14":3},"f":{"0":3,"1":12},"b":{"0":[3,9]},"_coverageSchema":"43e27e138ebf9cfc5966b082cf9a028302ed4184","hash":"a822baba6a760014ca2c25baed857e804823a5c0"}
,"D:\\jestTest\\jestTestfn.js": {"path":"D:\\jestTest\\jestTestfn.js","statementMap":{"0":{"start":{"line":5,"column":20},"end":{"line":5,"column":61}},"1":{"start":{"line":6,"column":17},"end":{"line":6,"column":41}},"2":{"start":{"line":7,"column":17},"end":{"line":7,"column":22}},"3":{"start":{"line":8,"column":4},"end":{"line":29,"column":6}},"4":{"start":{"line":9,"column":18},"end":{"line":9,"column":39}},"5":{"start":{"line":10,"column":8},"end":{"line":10,"column":45}},"6":{"start":{"line":11,"column":26},"end":{"line":11,"column":28}},"7":{"start":{"line":12,"column":8},"end":{"line":16,"column":32}},"8":{"start":{"line":13,"column":27},"end":{"line":13,"column":43}},"9":{"start":{"line":14,"column":12},"end":{"line":14,"column":45}},"10":{"start":{"line":18,"column":8},"end":{"line":18,"column":33}},"11":{"start":{"line":21,"column":8},"end":{"line":23,"column":9}},"12":{"start":{"line":22,"column":12},"end":{"line":22,"column":23}},"13":{"start":{"line":24,"column":8},"end":{"line":26,"column":9}},"14":{"start":{"line":25,"column":12},"end":{"line":25,"column":23}},"15":{"start":{"line":27,"column":8},"end":{"line":27,"column":28}},"16":{"start":{"line":30,"column":4},"end":{"line":30,"column":55}}},"fnMap":{"0":{"name":"judgeRandomSimilarity","decl":{"start":{"line":4,"column":16},"end":{"line":4,"column":37}},"loc":{"start":{"line":4,"column":42},"end":{"line":31,"column":1}},"line":4},"1":{"name":"(anonymous_1)","decl":{"start":{"line":8,"column":18},"end":{"line":8,"column":19}},"loc":{"start":{"line":8,"column":34},"end":{"line":29,"column":5}},"line":8}},"branchMap":{"0":{"loc":{"start":{"line":21,"column":8},"end":{"line":23,"column":9}},"type":"if","locations":[{"start":{"line":21,"column":8},"end":{"line":23,"column":9}},{"start":{"line":21,"column":8},"end":{"line":23,"column":9}}],"line":21},"1":{"loc":{"start":{"line":24,"column":8},"end":{"line":26,"column":9}},"type":"if","locations":[{"start":{"line":24,"column":8},"end":{"line":26,"column":9}},{"start":{"line":24,"column":8},"end":{"line":26,"column":9}}],"line":24},"2":{"loc":{"start":{"line":24,"column":11},"end":{"line":24,"column":50}},"type":"binary-expr","locations":[{"start":{"line":24,"column":11},"end":{"line":24,"column":28}},{"start":{"line":24,"column":32},"end":{"line":24,"column":50}}],"line":24}},"s":{"0":1,"1":1,"2":1,"3":1,"4":1,"5":1,"6":1,"7":1,"8":1,"9":1,"10":0,"11":0,"12":0,"13":0,"14":0,"15":0,"16":0},"f":{"0":1,"1":1},"b":{"0":[0,0],"1":[0,0],"2":[0,0]},"_coverageSchema":"43e27e138ebf9cfc5966b082cf9a028302ed4184","hash":"2cb2cbf3e1b5bc749aff376568bff492b05e26e2"}
}
