TN:
SF:D:\jestTest\jestTest.js
FN:2,create4DigitRandom
FN:17,(anonymous_1)
FNF:2
FNH:2
FNDA:3,create4DigitRandom
FNDA:12,(anonymous_1)
DA:3,3
DA:4,3
DA:5,3
DA:6,3
DA:7,3
DA:8,12
DA:9,12
DA:10,3
DA:12,9
DA:13,9
DA:16,3
DA:17,3
DA:18,12
DA:20,3
LF:14
LH:14
BRDA:9,0,0,3
BRDA:9,0,1,9
BRF:2
BRH:2
end_of_record
TN:
SF:D:\jestTest\jestTestfn.js
FN:4,judgeRandomSimilarity
FN:8,(anonymous_1)
FNF:2
FNH:2
FNDA:1,judgeRandomSimilarity
FNDA:1,(anonymous_1)
DA:5,1
DA:6,1
DA:7,1
DA:8,1
DA:9,1
DA:10,1
DA:11,1
DA:12,1
DA:13,1
DA:14,1
DA:18,0
DA:21,0
DA:22,0
DA:24,0
DA:25,0
DA:27,0
DA:30,0
LF:17
LH:10
BRDA:21,0,0,0
BRDA:21,0,1,0
BRDA:24,1,0,0
BRDA:24,1,1,0
BRDA:24,2,0,0
BRDA:24,2,1,0
BRF:6
BRH:0
end_of_record
