TN:
SF:D:\jestTest\jestTest.js
FN:2,create4DigitRandom
FN:18,(anonymous_1)
FNF:2
FNH:2
FNDA:3,create4DigitRandom
FNDA:12,(anonymous_1)
DA:4,3
DA:5,3
DA:6,3
DA:7,3
DA:8,3
DA:9,10
DA:10,10
DA:11,1
DA:13,9
DA:14,9
DA:17,3
DA:18,3
DA:19,12
DA:21,3
LF:14
LH:14
BRDA:10,0,0,1
BRDA:10,0,1,9
BRF:2
BRH:2
end_of_record
TN:
SF:D:\jestTest\jestTestfn.js
FN:4,judgeRandomSimilarity
FN:8,(anonymous_1)
FNF:2
FNH:2
FNDA:3,judgeRandomSimilarity
FNDA:12,(anonymous_1)
DA:5,3
DA:6,3
DA:7,3
DA:8,3
DA:9,12
DA:11,12
DA:12,2
DA:13,10
DA:14,3
DA:17,3
LF:10
LH:10
BRDA:11,0,0,2
BRDA:11,0,1,10
BRDA:11,1,0,12
BRDA:11,1,1,7
BRDA:13,2,0,3
BRDA:13,2,1,7
BRF:6
BRH:6
end_of_record
